<?xml version="1.0" encoding="UTF-8"?>
<!-- Generated by org.testng.reporters.JUnitReportReporter -->
<testsuite hostname="ceshi-PC" name="Test.TestA" tests="1" failures="0" timestamp="1 Apr 2016 08:03:14 GMT" time="2.383" errors="0">
  <testcase name="f" time="2.383" classname="Test.TestA"/>
</testsuite> <!-- Test.TestA -->
