<?xml version="1.0" encoding="UTF-8"?>
<!-- Generated by org.testng.reporters.JUnitReportReporter -->
<testsuite hostname="ceshi-PC" name="Test.NewTest" tests="1" failures="0" timestamp="6 Apr 2016 10:02:39 GMT" time="6.867" errors="0">
  <testcase name="f" time="6.867" classname="Test.NewTest"/>
</testsuite> <!-- Test.NewTest -->
