<?xml version="1.0" encoding="UTF-8"?>
<!-- Generated by org.testng.reporters.JUnitReportReporter -->
<testsuite hostname="ceshi-PC" name="testObjects.TestShouYeLink" tests="11" failures="0" timestamp="7 Apr 2016 01:50:28 GMT" time="8.561" errors="0">
  <testcase name="testSecurityLink" time="0.601" classname="testObjects.TestShouYeLink"/>
  <testcase name="testCompanyLink" time="1.281" classname="testObjects.TestShouYeLink"/>
  <testcase name="testLoginLink" time="0.404" classname="testObjects.TestShouYeLink"/>
  <testcase name="testValueCalculatorLink" time="0.697" classname="testObjects.TestShouYeLink"/>
  <testcase name="testHelpLink" time="0.734" classname="testObjects.TestShouYeLink"/>
  <testcase name="testChargeLink" time="0.542" classname="testObjects.TestShouYeLink"/>
  <testcase name="testEnrollLink" time="1.573" classname="testObjects.TestShouYeLink"/>
  <testcase name="testCashOut" time="0.840" classname="testObjects.TestShouYeLink"/>
  <testcase name="testguideLinesLink" time="0.401" classname="testObjects.TestShouYeLink"/>
  <testcase name="testCustomerServicePhone" time="0.390" classname="testObjects.TestShouYeLink"/>
  <testcase name="testCalculatorLink" time="1.098" classname="testObjects.TestShouYeLink"/>
</testsuite> <!-- testObjects.TestShouYeLink -->
