<?xml version="1.0" encoding="UTF-8"?>
<!-- Generated by org.testng.reporters.JUnitReportReporter -->
<testsuite hostname="ceshi-PC" name="testObjects.testLink" tests="1" failures="0" timestamp="31 Mar 2016 07:25:32 GMT" time="1.448" errors="0">
  <testcase name="testguideLinesLink" time="1.448" classname="testObjects.testLink"/>
</testsuite> <!-- testObjects.testLink -->
